<?xml version="1.0" encoding="UTF-8"?>
<testsuite name="basics.Loops" tests="4" skipped="0" failures="0" errors="0" timestamp="2022-05-01T15:08:50" hostname="dpc" time="0.043">
  <properties/>
  <testcase name="basicloop()" classname="basics.Loops" time="0.03"/>
  <testcase name="basicMaploop()" classname="basics.Loops" time="0.008"/>
  <testcase name="basicStringloop()" classname="basics.Loops" time="0.002"/>
  <testcase name="until()" classname="basics.Loops" time="0.0"/>
  <system-out><![CDATA[]]></system-out>
  <system-err><![CDATA[]]></system-err>
</testsuite>
